  Board.cpp
C:\Users\trela\Desktop\Projekt PK 4\SFML-3.0.0\include\SFML\System\Exception.hpp(41,47): warning C4275: non dll-interface class 'std::runtime_error' used as base for dll-interface class 'sf::Exception'
  (compiling source file 'Board.cpp')
      C:\Program Files\Microsoft Visual Studio\2022\Community\VC\Tools\MSVC\14.38.33130\include\stdexcept(100,19):
      see declaration of 'std::runtime_error'
      C:\Users\trela\Desktop\Projekt PK 4\SFML-3.0.0\include\SFML\System\Exception.hpp(41,23):
      see declaration of 'sf::Exception'
  
  HexTile.cpp
C:\Users\trela\Desktop\Projekt PK 4\SFML-3.0.0\include\SFML\System\Exception.hpp(41,47): warning C4275: non dll-interface class 'std::runtime_error' used as base for dll-interface class 'sf::Exception'
  (compiling source file 'HexTile.cpp')
      C:\Program Files\Microsoft Visual Studio\2022\Community\VC\Tools\MSVC\14.38.33130\include\stdexcept(100,19):
      see declaration of 'std::runtime_error'
      C:\Users\trela\Desktop\Projekt PK 4\SFML-3.0.0\include\SFML\System\Exception.hpp(41,23):
      see declaration of 'sf::Exception'
  
  Studenci-Z-AEI.cpp
C:\Users\trela\Desktop\Projekt PK 4\SFML-3.0.0\include\SFML\System\Exception.hpp(41,47): warning C4275: non dll-interface class 'std::runtime_error' used as base for dll-interface class 'sf::Exception'
  (compiling source file 'Studenci-Z-AEI.cpp')
      C:\Program Files\Microsoft Visual Studio\2022\Community\VC\Tools\MSVC\14.38.33130\include\stdexcept(100,19):
      see declaration of 'std::runtime_error'
      C:\Users\trela\Desktop\Projekt PK 4\SFML-3.0.0\include\SFML\System\Exception.hpp(41,23):
      see declaration of 'sf::Exception'
  
  Generating code
  174 of 182 functions (95.6%) were compiled, the rest were copied from previous compilation.
    172 functions were new in current compilation
    0 functions had inline decision re-evaluated but remain unchanged
  Finished generating code
  Studenci-Z-AEI.vcxproj -> C:\Users\trela\Desktop\Projekt PK 4\Studenci-Z-AEI\x64\Release\Studenci-Z-AEI.exe
